<?xml version="1.0" encoding="UTF-8"?>
<!-- Generated by org.testng.reporters.JUnitReportReporter -->
<testsuite hostname="DESKTOP-BP9TLJ9" failures="0" tests="15" name="test.MyAccountTest" time="187.022" errors="0" timestamp="2022-08-07T11:59:55 AST" skipped="0">
  <testcase classname="test.MyAccountTest" name="testopenProductDetail" time="11.545"/>
  <system-out/>
  <testcase classname="test.MyAccountTest" name="testLoginPage" time="10.495"/>
  <system-out/>
  <testcase classname="test.MyAccountTest" name="testAdressConfirmationPage" time="20.588"/>
  <system-out/>
  <testcase classname="test.MyAccountTest" name="testOrderConfirmationPage" time="3.404"/>
  <system-out/>
  <testcase classname="test.MyAccountTest" name="testSummaryPage" time="15.905"/>
  <system-out/>
  <testcase classname="test.MyAccountTest" name="testShippingProcess" time="16.135"/>
  <system-out/>
  <testcase classname="test.MyAccountTest" name="testOrderConfirmation" time="6.049"/>
  <system-out/>
  <testcase classname="test.MyAccountTest" name="testBlouseSelection" time="30.593"/>
  <system-out/>
  <testcase classname="test.MyAccountTest" name="testPaymentPage" time="7.446"/>
  <system-out/>
  <testcase classname="test.MyAccountTest" name="testCartDetails" time="28.865"/>
  <system-out/>
  <testcase classname="test.MyAccountTest" name="testRegisterationPage" time="2.531"/>
  <system-out/>
  <testcase classname="test.MyAccountTest" name="authenticatingMyUser" time="0.068"/>
  <system-out/>
  <testcase classname="test.MyAccountTest" name="testWomenCategory" time="7.765"/>
  <system-out/>
  <testcase classname="test.MyAccountTest" name="testorderHistoryPage" time="2.629"/>
  <system-out/>
  <testcase classname="test.MyAccountTest" name="testSignIn" time="23.004"/>
  <system-out/>
</testsuite> <!-- test.MyAccountTest -->
